This is pdfTeX, Version 3.14159265-2.6-1.40.15 (TeX Live 2015/dev/Debian) (preloaded format=pdflatex 2017.3.8)  18 OCT 2017 13:13
entering extended mode
 restricted \write18 enabled.
 %&-line parsing enabled.
**hw10.tex
(./hw10.tex
LaTeX2e <2014/05/01>
Babel <3.9l> and hyphenation patterns for 2 languages loaded.
(/usr/share/texlive/texmf-dist/tex/latex/base/article.cls
Document Class: article 2014/09/29 v1.4h Standard LaTeX document class
(/usr/share/texlive/texmf-dist/tex/latex/base/size11.clo
File: size11.clo 2014/09/29 v1.4h Standard LaTeX file (size option)
)
\c@part=\count79
\c@section=\count80
\c@subsection=\count81
\c@subsubsection=\count82
\c@paragraph=\count83
\c@subparagraph=\count84
\c@figure=\count85
\c@table=\count86
\abovecaptionskip=\skip41
\belowcaptionskip=\skip42
\bibindent=\dimen102
)
(/usr/share/texlive/texmf-dist/tex/latex/tools/verbatim.sty
Package: verbatim 2014/10/28 v1.5q LaTeX2e package for verbatim enhancements
\every@verbatim=\toks14
\verbatim@line=\toks15
\verbatim@in@stream=\read1
)
(/usr/share/texlive/texmf-dist/tex/latex/graphics/graphicx.sty
Package: graphicx 2014/04/25 v1.0g Enhanced LaTeX Graphics (DPC,SPQR)

(/usr/share/texlive/texmf-dist/tex/latex/graphics/keyval.sty
Package: keyval 2014/05/08 v1.15 key=value parser (DPC)
\KV@toks@=\toks16
)
(/usr/share/texlive/texmf-dist/tex/latex/graphics/graphics.sty
Package: graphics 2009/02/05 v1.0o Standard LaTeX Graphics (DPC,SPQR)

(/usr/share/texlive/texmf-dist/tex/latex/graphics/trig.sty
Package: trig 1999/03/16 v1.09 sin cos tan (DPC)
)
(/usr/share/texlive/texmf-dist/tex/latex/latexconfig/graphics.cfg
File: graphics.cfg 2010/04/23 v1.9 graphics configuration of TeX Live
)
Package graphics Info: Driver file: pdftex.def on input line 91.

(/usr/share/texlive/texmf-dist/tex/latex/pdftex-def/pdftex.def
File: pdftex.def 2011/05/27 v0.06d Graphics/color for pdfTeX

(/usr/share/texlive/texmf-dist/tex/generic/oberdiek/infwarerr.sty
Package: infwarerr 2010/04/08 v1.3 Providing info/warning/error messages (HO)
)
(/usr/share/texlive/texmf-dist/tex/generic/oberdiek/ltxcmds.sty
Package: ltxcmds 2011/11/09 v1.22 LaTeX kernel commands for general use (HO)
)
\Gread@gobject=\count87
))
\Gin@req@height=\dimen103
\Gin@req@width=\dimen104
) (./hw10.aux)
\openout1 = `hw10.aux'.

LaTeX Font Info:    Checking defaults for OML/cmm/m/it on input line 10.
LaTeX Font Info:    ... okay on input line 10.
LaTeX Font Info:    Checking defaults for T1/cmr/m/n on input line 10.
LaTeX Font Info:    ... okay on input line 10.
LaTeX Font Info:    Checking defaults for OT1/cmr/m/n on input line 10.
LaTeX Font Info:    ... okay on input line 10.
LaTeX Font Info:    Checking defaults for OMS/cmsy/m/n on input line 10.
LaTeX Font Info:    ... okay on input line 10.
LaTeX Font Info:    Checking defaults for OMX/cmex/m/n on input line 10.
LaTeX Font Info:    ... okay on input line 10.
LaTeX Font Info:    Checking defaults for U/cmr/m/n on input line 10.
LaTeX Font Info:    ... okay on input line 10.
 (/usr/share/texlive/texmf-dist/tex/context/base/supp-pdf.mkii
[Loading MPS to PDF converter (version 2006.09.02).]
\scratchcounter=\count88
\scratchdimen=\dimen105
\scratchbox=\box26
\nofMPsegments=\count89
\nofMParguments=\count90
\everyMPshowfont=\toks17
\MPscratchCnt=\count91
\MPscratchDim=\dimen106
\MPnumerator=\count92
\makeMPintoPDFobject=\count93
\everyMPtoPDFconversion=\toks18
) (/usr/share/texlive/texmf-dist/tex/generic/oberdiek/pdftexcmds.sty
Package: pdftexcmds 2011/11/29 v0.20 Utility functions of pdfTeX for LuaTeX (HO
)

(/usr/share/texlive/texmf-dist/tex/generic/oberdiek/ifluatex.sty
Package: ifluatex 2010/03/01 v1.3 Provides the ifluatex switch (HO)
Package ifluatex Info: LuaTeX not detected.
)
(/usr/share/texlive/texmf-dist/tex/generic/oberdiek/ifpdf.sty
Package: ifpdf 2011/01/30 v2.3 Provides the ifpdf switch (HO)
Package ifpdf Info: pdfTeX in PDF mode is detected.
)
Package pdftexcmds Info: LuaTeX not detected.
Package pdftexcmds Info: \pdf@primitive is available.
Package pdftexcmds Info: \pdf@ifprimitive is available.
Package pdftexcmds Info: \pdfdraftmode found.
)
(/usr/share/texlive/texmf-dist/tex/latex/oberdiek/epstopdf-base.sty
Package: epstopdf-base 2010/02/09 v2.5 Base part for package epstopdf

(/usr/share/texlive/texmf-dist/tex/latex/oberdiek/grfext.sty
Package: grfext 2010/08/19 v1.1 Manage graphics extensions (HO)

(/usr/share/texlive/texmf-dist/tex/generic/oberdiek/kvdefinekeys.sty
Package: kvdefinekeys 2011/04/07 v1.3 Define keys (HO)
))
(/usr/share/texlive/texmf-dist/tex/latex/oberdiek/kvoptions.sty
Package: kvoptions 2011/06/30 v3.11 Key value format for package options (HO)

(/usr/share/texlive/texmf-dist/tex/generic/oberdiek/kvsetkeys.sty
Package: kvsetkeys 2012/04/25 v1.16 Key value parser (HO)

(/usr/share/texlive/texmf-dist/tex/generic/oberdiek/etexcmds.sty
Package: etexcmds 2011/02/16 v1.5 Avoid name clashes with e-TeX commands (HO)
Package etexcmds Info: Could not find \expanded.
(etexcmds)             That can mean that you are not using pdfTeX 1.50 or
(etexcmds)             that some package has redefined \expanded.
(etexcmds)             In the latter case, load this package earlier.
)))
Package grfext Info: Graphics extension search list:
(grfext)             [.png,.pdf,.jpg,.mps,.jpeg,.jbig2,.jb2,.PNG,.PDF,.JPG,.JPE
G,.JBIG2,.JB2,.eps]
(grfext)             \AppendGraphicsExtensions on input line 452.

(/usr/share/texlive/texmf-dist/tex/latex/latexconfig/epstopdf-sys.cfg
File: epstopdf-sys.cfg 2010/07/13 v1.3 Configuration of (r)epstopdf for TeX Liv
e
))
LaTeX Font Info:    External font `cmex10' loaded for size
(Font)              <12> on input line 11.
LaTeX Font Info:    External font `cmex10' loaded for size
(Font)              <8> on input line 11.
LaTeX Font Info:    External font `cmex10' loaded for size
(Font)              <6> on input line 11.
File: montecarlo.py  (verbatim)

Overfull \hbox (2.16733pt too wide) in paragraph at lines 13--13
[]\OT1/cmtt/m/n/10.95 x = np.array(np.random.random(n)) # array between 0-1 of 
size n[] 
 []

[1

{/var/lib/texmf/fonts/map/pdftex/updmap/pdftex.map}]
<plot100.png, id=10, 578.16pt x 433.62pt>
File: plot100.png Graphic file (type png)
 <use plot100.png>
Package pdftex.def Info: plot100.png used on input line 14.
(pdftex.def)             Requested size: 578.15858pt x 433.61894pt.

<plot1000.png, id=12, 578.16pt x 433.62pt>
File: plot1000.png Graphic file (type png)
 <use plot1000.png>
Package pdftex.def Info: plot1000.png used on input line 15.
(pdftex.def)             Requested size: 578.15858pt x 433.61894pt.

<plot10000.png, id=13, 578.16pt x 433.62pt>
File: plot10000.png Graphic file (type png)
 <use plot10000.png>
Package pdftex.def Info: plot10000.png used on input line 16.
(pdftex.def)             Requested size: 578.15858pt x 433.61894pt.

Overfull \hbox (218.15858pt too wide) in paragraph at lines 14--17
[]
 []


Overfull \hbox (218.15858pt too wide) in paragraph at lines 14--17
[]
 []


Overfull \hbox (218.15858pt too wide) in paragraph at lines 14--17
[] 
 []

[2] [3 <./plot100.png>] [4 <./plot1000.png>]
File: mc.cpp  (verbatim)

Overfull \hbox (7.91602pt too wide) in paragraph at lines 18--18
[]\OT1/cmtt/m/n/10.95 /* Thomas Goff COMS 6100 Dr John Wallin HW 10 10 October 
2017 */[] 
 []

[5 <./plot10000.png>]
Overfull \hbox (105.6437pt too wide) in paragraph at lines 18--18
[]\OT1/cmtt/m/n/10.95 std::cout << "pi using " << nArray[i] << " points: " << p
iapprox[i] << std::endl;[] 
 []


Overfull \hbox (71.15158pt too wide) in paragraph at lines 18--18
[]\OT1/cmtt/m/n/10.95 double piapprox = 0.0; // double for pi approximation ret
urned  by function[] 
 []


Overfull \hbox (48.15683pt too wide) in paragraph at lines 18--18
[]\OT1/cmtt/m/n/10.95 double *xinside = new double[n]; // dynamically declaring
 arrays needed[] 
 []

[6]
Overfull \hbox (220.61746pt too wide) in paragraph at lines 18--18
[]\OT1/cmtt/m/n/10.95 piapprox = 4.0 * ((float)incount / ((float)incount + (flo
at)outcount)); // calculate pi approximation[] 
 []


Overfull \hbox (255.10959pt too wide) in paragraph at lines 18--18
[]\OT1/cmtt/m/n/10.95 myfile << xinside[i] << ", " << yinside[i] << "\n"; // wr
ite all data to file in correct format for gnuplot[] 
 []

[7] <plot100.jpg, id=36, 481.8pt x 361.35pt>
File: plot100.jpg Graphic file (type jpg)
 <use plot100.jpg>
Package pdftex.def Info: plot100.jpg used on input line 19.
(pdftex.def)             Requested size: 481.79881pt x 361.34912pt.

<plot1000.jpg, id=37, 481.8pt x 361.35pt>
File: plot1000.jpg Graphic file (type jpg)
 <use plot1000.jpg>
Package pdftex.def Info: plot1000.jpg used on input line 20.
(pdftex.def)             Requested size: 481.79881pt x 361.34912pt.

<plot10000.jpg, id=38, 481.8pt x 361.35pt>
File: plot10000.jpg Graphic file (type jpg)
 <use plot10000.jpg>
Package pdftex.def Info: plot10000.jpg used on input line 21.
(pdftex.def)             Requested size: 481.79881pt x 361.34912pt.

Overfull \hbox (121.79881pt too wide) in paragraph at lines 19--22
[]
 []


Overfull \hbox (121.79881pt too wide) in paragraph at lines 19--22
[]
 []


Overfull \hbox (121.79881pt too wide) in paragraph at lines 19--22
[] 
 []

[8] [9 <./plot100.jpg>] [10 <./plot1000.jpg>] [11 <./plot10000.jpg>] [12]
(./hw10.aux) ) 
Here is how much of TeX's memory you used:
 1548 strings out of 495020
 22169 string characters out of 6181325
 76898 words of memory out of 5000000
 4762 multiletter control sequences out of 15000+600000
 8055 words of font info for 29 fonts, out of 8000000 for 9000
 14 hyphenation exceptions out of 8191
 37i,6n,23p,886b,254s stack positions out of 5000i,500n,10000p,200000b,80000s
</usr/share/texlive/texmf-dist/fonts/type1/public/amsfonts/cm/cmb
x12.pfb></usr/share/texlive/texmf-dist/fonts/type1/public/amsfonts/cm/cmr10.pfb
></usr/share/texlive/texmf-dist/fonts/type1/public/amsfonts/cm/cmr12.pfb></usr/
share/texlive/texmf-dist/fonts/type1/public/amsfonts/cm/cmtt10.pfb>
Output written on hw10.pdf (12 pages, 619315 bytes).
PDF statistics:
 69 PDF objects out of 1000 (max. 8388607)
 41 compressed objects within 1 object stream
 0 named destinations out of 1000 (max. 500000)
 31 words of extra memory for PDF output out of 10000 (max. 10000000)

